Build started 18.11.2018 18:40:46.
     1>Project "c:\Users\Sasha\documents\visual studio 2013\Projects\OOP lab 6\OOP lab 6\OOP lab 6.vcxproj" on node 2 (Build target(s)).
     1>ClCompile:
         C:\Program Files (x86)\Microsoft Visual Studio 12.0\VC\bin\CL.exe /c /ZI /nologo /W3 /WX- /sdl /Od /Oy- /D _MBCS /Gm /EHsc /RTC1 /MDd /GS /fp:precise /Zc:wchar_t /Zc:forScope /Fo"Debug\\" /Fd"Debug\vc120.pdb" /Gd /TP /analyze- /errorReport:prompt Source.cpp
         Source.cpp
     1>c:\users\sasha\documents\visual studio 2013\projects\oop lab 6\oop lab 6\source.cpp(50): warning C4620: no postfix form of 'operator ++' found for type 'Agency', using prefix form
                 c:\users\sasha\documents\visual studio 2013\projects\oop lab 6\oop lab 6\agency.h(9) : see declaration of 'Agency'
     1>c:\users\sasha\documents\visual studio 2013\projects\oop lab 6\oop lab 6\source.cpp(51): warning C4621: no postfix form of 'operator --' found for type 'Agency', using prefix form
                 c:\users\sasha\documents\visual studio 2013\projects\oop lab 6\oop lab 6\agency.h(9) : see declaration of 'Agency'
       Link:
         C:\Program Files (x86)\Microsoft Visual Studio 12.0\VC\bin\link.exe /ERRORREPORT:PROMPT /OUT:"c:\users\sasha\documents\visual studio 2013\Projects\OOP lab 6\Debug\OOP lab 6.exe" /INCREMENTAL /NOLOGO kernel32.lib user32.lib gdi32.lib winspool.lib comdlg32.lib advapi32.lib shell32.lib ole32.lib oleaut32.lib uuid.lib odbc32.lib odbccp32.lib /MANIFEST /MANIFESTUAC:"level='asInvoker' uiAccess='false'" /manifest:embed /DEBUG /PDB:"c:\users\sasha\documents\visual studio 2013\Projects\OOP lab 6\Debug\OOP lab 6.pdb" /TLBID:1 /DYNAMICBASE /NXCOMPAT /IMPLIB:"c:\users\sasha\documents\visual studio 2013\Projects\OOP lab 6\Debug\OOP lab 6.lib" /MACHINE:X86 Debug\Admin.obj
         Debug\CEO.obj
         Debug\Man.obj
         Debug\Source.obj
         Debug\Tour.obj
         Debug\Tourist.obj
         OOP lab 6.vcxproj -> c:\users\sasha\documents\visual studio 2013\Projects\OOP lab 6\Debug\OOP lab 6.exe
     1>Done Building Project "c:\Users\Sasha\documents\visual studio 2013\Projects\OOP lab 6\OOP lab 6\OOP lab 6.vcxproj" (Build target(s)).

Build succeeded.

Time Elapsed 00:00:00.91
